<?xml version="1.0" encoding="UTF-8"?>
<testsuite xmlns:xsi="http://www.w3.org/2001/XMLSchema-instance" xsi:noNamespaceSchemaLocation="https://maven.apache.org/surefire/maven-surefire-plugin/xsd/surefire-test-report.xsd" name="User should be able to create a teacher profile from API and verify that it displayed on the UI" time="26.893" tests="3" errors="1" skipped="0" failures="0">
  <properties>
[...]
</properties>
  <testcase name="User should be able to create teacher profile and verify status code is 200" classname="User should be able to create a teacher profile from API and verify that it displayed on the UI" time="9.63"/>
  <testcase name="User should not be able to create a teacher profile when &apos;batch&apos; information is zero in API" classname="User should be able to create a teacher profile from API and verify that it displayed on the UI" time="2.403"/>
  <testcase name="User should be able to see in UI to created teacher profile  API" classname="User should be able to create a teacher profile from API and verify that it displayed on the UI" time="14.86">
    <error type="java.lang.NullPointerException">java.lang.NullPointerException
</error>
    <system-out><![CDATA[Connecting to Browser
Connecting to API
I am reporting the results
Closing to Browser
]]></system-out>
  </testcase>
</testsuite>