-------------------------------------------------------------------------------
Test set: User should be able to create a teacher profile from API and verify that it displayed on the UI
-------------------------------------------------------------------------------
Tests run: 3, Failures: 0, Errors: 1, Skipped: 0, Time elapsed: 26.893 s <<< FAILURE! - in User should be able to create a teacher profile from API and verify that it displayed on the UI
User should be able to see in UI to created teacher profile  API(User should be able to create a teacher profile from API and verify that it displayed on the UI)  Time elapsed: 14.86 s  <<< ERROR!
java.lang.NullPointerException

